<?xml version="1.0" encoding="UTF-8"?>
<!-- Generated by org.testng.reporters.JUnitXMLReporter -->
<testsuite hostname="DESKTOP-8REMPSK" ignored="0" name="Default test" tests="9" failures="0" timestamp="2021-11-30T00:40:13 IST" time="74.832" errors="0">
  <testcase name="url" time="12.202" classname="com.testng_feature.Automation_TestNg"/>
  <testcase name="signin" time="8.528" classname="com.testng_feature.Automation_TestNg"/>
  <testcase name="women" time="10.811" classname="com.testng_feature.Automation_TestNg"/>
  <testcase name="addtocart" time="8.066" classname="com.testng_feature.Automation_TestNg"/>
  <testcase name="summary" time="12.654" classname="com.testng_feature.Automation_TestNg"/>
  <testcase name="check" time="4.579" classname="com.testng_feature.Automation_TestNg"/>
  <testcase name="confirm" time="11.543" classname="com.testng_feature.Automation_TestNg"/>
  <testcase name="backorder" time="2.721" classname="com.testng_feature.Automation_TestNg"/>
  <testcase name="logout" time="3.605" classname="com.testng_feature.Automation_TestNg"/>
</testsuite> <!-- Default test -->
